/root/parameter-golf-baseline/outputs/runs/run_20260401_140012/run_20260401_140012.txt
run_dir:/root/parameter-golf-baseline/outputs/runs/run_20260401_140012
metrics_logfile:/root/parameter-golf-baseline/outputs/runs/run_20260401_140012/run_20260401_140012.jsonl
val_bpb:enabled tokenizer_kind=sentencepiece tokenizer_path=./data/tokenizers/fineweb_1024_bpe.model
train_loader:dataset:fineweb10B_sp1024 train_shards:80
val_loader:shards pattern=./data/datasets/fineweb10B_sp1024/fineweb_val_*.bin tokens:62021632
model_params:17059912
world_size:2 grad_accum_steps:4
sdp_backends:cudnn=False flash=True mem_efficient=False math=False
attention_mode:gqa num_heads:8 num_kv_heads:4
tie_embeddings:True embed_lr:0.05 head_lr:0.0 matrix_lr:0.04 scalar_lr:0.04
train_batch_tokens:524288 train_seq_len:1024 iterations:20000 warmup_steps:20 max_wallclock_seconds:600.000
seed:1337
warmup_step:1/20
warmup_step:2/20
warmup_step:3/20
warmup_step:4/20
warmup_step:5/20
warmup_step:6/20
warmup_step:7/20
warmup_step:8/20
warmup_step:9/20
warmup_step:10/20
warmup_step:11/20
warmup_step:12/20
warmup_step:13/20
warmup_step:14/20
warmup_step:15/20
warmup_step:16/20
warmup_step:17/20
warmup_step:18/20
warmup_step:19/20
warmup_step:20/20
step:0/20000 val_loss:6.9357 val_bpb:4.1077 train_time:0ms step_avg:0.01ms
step:1/20000 train_loss:6.9351 train_time:306ms step_avg:305.87ms
step:2/20000 train_loss:16.7435 train_time:615ms step_avg:307.71ms
step:3/20000 train_loss:8.7687 train_time:927ms step_avg:308.90ms
step:4/20000 train_loss:6.5997 train_time:1238ms step_avg:309.53ms
step:5/20000 train_loss:6.6606 train_time:1549ms step_avg:309.83ms
step:6/20000 train_loss:6.8161 train_time:1860ms step_avg:310.04ms
step:7/20000 train_loss:6.3261 train_time:2171ms step_avg:310.19ms
step:8/20000 train_loss:6.1680 train_time:2482ms step_avg:310.23ms
step:9/20000 train_loss:6.0760 train_time:2793ms step_avg:310.34ms
step:10/20000 train_loss:5.9761 train_time:3104ms step_avg:310.42ms
step:200/20000 train_loss:2.7919 train_time:62428ms step_avg:312.14ms
step:400/20000 train_loss:2.3725 train_time:124984ms step_avg:312.46ms
step:600/20000 train_loss:2.5294 train_time:187654ms step_avg:312.76ms
step:800/20000 train_loss:2.3127 train_time:250364ms step_avg:312.95ms
step:1000/20000 train_loss:2.3264 train_time:313099ms step_avg:313.10ms
step:1000/20000 val_loss:2.3186 val_bpb:1.3732 train_time:313106ms step_avg:313.11ms
step:1200/20000 train_loss:2.2772 train_time:375861ms step_avg:313.22ms
