/root/parameter-golf-baseline/outputs/runs/run_20260401_140952/run_20260401_140952.txt
run_dir:/root/parameter-golf-baseline/outputs/runs/run_20260401_140952
metrics_logfile:/root/parameter-golf-baseline/outputs/runs/run_20260401_140952/run_20260401_140952.jsonl
val_bpb:enabled tokenizer_kind=sentencepiece tokenizer_path=./data/tokenizers/fineweb_1024_bpe.model
train_loader:dataset:fineweb10B_sp1024 train_shards:80
val_loader:shards pattern=./data/datasets/fineweb10B_sp1024/fineweb_val_*.bin tokens:62021632
model_params:17059912
world_size:2 grad_accum_steps:4
sdp_backends:cudnn=False flash=True mem_efficient=False math=False
attention_mode:gqa num_heads:8 num_kv_heads:4
tie_embeddings:True embed_lr:0.05 head_lr:0.0 matrix_lr:0.04 scalar_lr:0.04
train_batch_tokens:524288 train_seq_len:1024 iterations:20000 warmup_steps:20 max_wallclock_seconds:600.000
seed:1337
warmup_step:1/20
warmup_step:2/20
warmup_step:3/20
warmup_step:4/20
warmup_step:5/20
warmup_step:6/20
warmup_step:7/20
warmup_step:8/20
warmup_step:9/20
warmup_step:10/20
warmup_step:11/20
warmup_step:12/20
warmup_step:13/20
warmup_step:14/20
warmup_step:15/20
warmup_step:16/20
warmup_step:17/20
warmup_step:18/20
warmup_step:19/20
warmup_step:20/20
step:0/20000 val_loss:6.9357 val_bpb:4.1077 train_time:0ms step_avg:0.01ms
step:1/20000 train_loss:6.9351 train_time:306ms step_avg:306.03ms
step:2/20000 train_loss:16.7435 train_time:617ms step_avg:308.42ms
step:3/20000 train_loss:8.7687 train_time:929ms step_avg:309.77ms
step:4/20000 train_loss:6.5998 train_time:1242ms step_avg:310.43ms
step:5/20000 train_loss:6.6609 train_time:1554ms step_avg:310.83ms
step:6/20000 train_loss:6.8162 train_time:1867ms step_avg:311.12ms
step:7/20000 train_loss:6.3262 train_time:2179ms step_avg:311.29ms
step:8/20000 train_loss:6.1680 train_time:2491ms step_avg:311.42ms
step:9/20000 train_loss:6.0761 train_time:2804ms step_avg:311.54ms
step:10/20000 train_loss:5.9760 train_time:3116ms step_avg:311.64ms
step:200/20000 train_loss:2.7901 train_time:62641ms step_avg:313.21ms
step:400/20000 train_loss:2.3756 train_time:125390ms step_avg:313.48ms
