logs/baseline_stdNS_15m_20260409_201124.txt
val_bpb:enabled tokenizer_kind=sentencepiece tokenizer_path=./data/tokenizers/fineweb_1024_bpe.model
train_loader:dataset:fineweb10B_sp1024 train_shards:80
val_loader:shards pattern=./data/datasets/fineweb10B_sp1024/fineweb_val_*.bin tokens:62021632
model_params:26993756
mtp_num_heads:0 mtp_loss_weight:0.2 mtp_params:0
XSA:last_11 active_layers:[0, 1, 2, 3, 4, 5, 6, 7, 8, 9, 10]
world_size:1 grad_accum_steps:8
sdp_backends:cudnn=False flash=True mem_efficient=False math=False
attention_mode:gqa num_heads:8 num_kv_heads:4
tie_embeddings:True embed_lr:0.035 head_lr:0.0 matrix_lr:0.025 scalar_lr:0.025
train_batch_tokens:786432 train_seq_len:2048 iterations:20000 warmup_steps:20 max_wallclock_seconds:900.000
seed:1337
warmup_step:1/20
warmup_step:2/20
warmup_step:3/20
warmup_step:4/20
warmup_step:5/20
warmup_step:6/20
warmup_step:7/20
warmup_step:8/20
warmup_step:9/20
warmup_step:10/20
warmup_step:11/20
warmup_step:12/20
warmup_step:13/20
warmup_step:14/20
warmup_step:15/20
warmup_step:16/20
warmup_step:17/20
warmup_step:18/20
warmup_step:19/20
warmup_step:20/20
step:0/20000 val_loss:6.9309 val_bpb:4.1049 train_time:0ms step_avg:0.01ms
step:1/20000 train_loss:6.9313 train_time:636ms step_avg:635.74ms
step:2/20000 train_loss:8.6934 train_time:1210ms step_avg:604.88ms
step:3/20000 train_loss:8.0560 train_time:1838ms step_avg:612.54ms
step:4/20000 train_loss:7.2827 train_time:2457ms step_avg:614.35ms
step:5/20000 train_loss:6.6699 train_time:3085ms step_avg:616.98ms
step:6/20000 train_loss:6.3473 train_time:3706ms step_avg:617.72ms
step:7/20000 train_loss:6.1172 train_time:4330ms step_avg:618.55ms
step:8/20000 train_loss:6.0451 train_time:4953ms step_avg:619.12ms
step:9/20000 train_loss:6.0573 train_time:5578ms step_avg:619.77ms
step:10/20000 train_loss:5.9563 train_time:6203ms step_avg:620.30ms
step:200/20000 val_loss:2.7722 val_bpb:1.6419 train_time:125238ms step_avg:626.19ms
step:400/20000 val_loss:2.4590 val_bpb:1.4564 train_time:251125ms step_avg:627.81ms
step:500/20000 train_loss:2.3548 train_time:313860ms step_avg:627.72ms
step:600/20000 val_loss:2.3295 val_bpb:1.3796 train_time:376884ms step_avg:628.14ms
swa:start step:750
step:800/20000 val_loss:2.2559 val_bpb:1.3361 train_time:502631ms step_avg:628.29ms
late_qat:enabled step:907 scale:0.1500
step:1000/20000 train_loss:2.2612 train_time:628346ms step_avg:628.35ms
step:1000/20000 val_loss:2.2073 val_bpb:1.3073 train_time:628436ms step_avg:628.44ms
step:1200/20000 val_loss:2.1703 val_bpb:1.2854 train_time:754372ms step_avg:628.64ms
step:1400/20000 val_loss:2.1419 val_bpb:1.2685 train_time:880628ms step_avg:629.02ms
step:1431/20000 val_loss:2.1404 val_bpb:1.2677 train_time:900077ms step_avg:628.98ms
stopping_early: wallclock_cap train_time:900077ms step:1431/20000
peak memory allocated: 23195 MiB reserved: 23484 MiB
ema:applying EMA weights
DIAGNOSTIC post_ema val_loss:2.1742 val_bpb:1.2877 eval_time:15456ms
Serialized model: 106158518 bytes
Code size: 103474 bytes
gptq:building non-banked model for Hessian collection...
gptq:generating autoregressive calibration data (64 seqs x 2048 tokens, temp=0.8)...
gptq:generated 64 sequences in 183.0s
gptq:collecting hessians from autoregressive data...
gptq:collected hessians for 68 layers (AR self-gen)
selective_prune: 11392837 ±1 candidates, unpruned=8.66MB target=15.9MB
selective_prune: already fits, no pruning needed
Serialized model int6+lzma: 8977084 bytes
Total submission size int6+lzma: 9080558 bytes
final_int6_roundtrip val_loss:2.3539 val_bpb:1.3941 eval_time:18780ms
final_int6_roundtrip_exact val_loss:2.35390817 val_bpb:1.39411701
final_int6_sliding_window val_loss:2.3154 val_bpb:1.3713 stride:64 eval_time:565390ms
final_int6_sliding_window_exact val_loss:2.31536599 val_bpb:1.37129379
final_int8_zlib_roundtrip_exact val_loss:2.31536599 val_bpb:1.37129379

Run complete.  Generate dashboard:
  python3 tools/dashboard.py
