/root/parameter-golf-baseline/outputs/runs/run_20260401_141350/run_20260401_141350.txt
run_dir:/root/parameter-golf-baseline/outputs/runs/run_20260401_141350
metrics_logfile:/root/parameter-golf-baseline/outputs/runs/run_20260401_141350/run_20260401_141350.jsonl
val_bpb:enabled tokenizer_kind=sentencepiece tokenizer_path=./data/tokenizers/fineweb_1024_bpe.model
train_loader:dataset:fineweb10B_sp1024 train_shards:80
val_loader:shards pattern=./data/datasets/fineweb10B_sp1024/fineweb_val_*.bin tokens:62021632
model_params:17059912
world_size:2 grad_accum_steps:4
sdp_backends:cudnn=False flash=True mem_efficient=False math=False
attention_mode:gqa num_heads:8 num_kv_heads:4
tie_embeddings:True embed_lr:0.05 head_lr:0.0 matrix_lr:0.04 scalar_lr:0.04
train_batch_tokens:524288 train_seq_len:1024 iterations:1000 warmup_steps:20 max_wallclock_seconds:600.000
seed:1337
warmup_step:1/20
warmup_step:2/20
warmup_step:3/20
warmup_step:4/20
warmup_step:5/20
warmup_step:6/20
warmup_step:7/20
warmup_step:8/20
warmup_step:9/20
warmup_step:10/20
warmup_step:11/20
warmup_step:12/20
warmup_step:13/20
warmup_step:14/20
warmup_step:15/20
warmup_step:16/20
warmup_step:17/20
warmup_step:18/20
warmup_step:19/20
warmup_step:20/20
step:0/1000 val_loss:6.9357 val_bpb:4.1077 train_time:0ms step_avg:0.01ms
step:1/1000 train_loss:6.9351 train_time:304ms step_avg:304.24ms
step:2/1000 train_loss:16.7435 train_time:616ms step_avg:308.14ms
step:3/1000 train_loss:8.7687 train_time:930ms step_avg:309.95ms
step:4/1000 train_loss:6.5999 train_time:1243ms step_avg:310.81ms
step:5/1000 train_loss:6.6607 train_time:1557ms step_avg:311.33ms
step:6/1000 train_loss:6.8166 train_time:1870ms step_avg:311.69ms
step:7/1000 train_loss:6.3263 train_time:2184ms step_avg:311.94ms
step:8/1000 train_loss:6.1681 train_time:2497ms step_avg:312.11ms
step:9/1000 train_loss:6.0761 train_time:2810ms step_avg:312.26ms
step:10/1000 train_loss:5.9761 train_time:3124ms step_avg:312.37ms
step:200/1000 train_loss:2.7860 train_time:62760ms step_avg:313.80ms
step:400/1000 train_loss:2.3770 train_time:125565ms step_avg:313.91ms
step:600/1000 train_loss:2.5315 train_time:188415ms step_avg:314.02ms
step:800/1000 train_loss:2.3166 train_time:251272ms step_avg:314.09ms
step:1000/1000 train_loss:2.3423 train_time:314170ms step_avg:314.17ms
step:1000/1000 val_loss:2.3353 val_bpb:1.3831 train_time:314177ms step_avg:314.18ms
peak memory allocated: 10224 MiB reserved: 10496 MiB
Serialized model: /root/parameter-golf-baseline/outputs/runs/run_20260401_141350/final_model.pt bytes:67224983
Code size: 49960 bytes
Total submission size: 67274943 bytes
Serialized model int8+zlib: /root/parameter-golf-baseline/outputs/runs/run_20260401_141350/final_model.int8.ptz bytes:14600759 (payload:17178912 raw_torch:17224025 payload_ratio:3.91x)
Total submission size int8+zlib: 14650719 bytes
final_int8_zlib_roundtrip val_loss:2.3369 val_bpb:1.3840 eval_time:10652ms
final_int8_zlib_roundtrip_exact val_loss:2.33686251 val_bpb:1.38402161

Run complete.  Generate dashboard:
  python3 tools/dashboard.py
