/root/parameter-golf-baseline/outputs/runs/run_20260401_150525/run_20260401_150525.txt
run_dir:/root/parameter-golf-baseline/outputs/runs/run_20260401_150525
metrics_logfile:/root/parameter-golf-baseline/outputs/runs/run_20260401_150525/run_20260401_150525.jsonl
val_bpb:enabled tokenizer_kind=sentencepiece tokenizer_path=./data/tokenizers/fineweb_1024_bpe.model
train_loader:dataset:fineweb10B_sp1024 train_shards:80
val_loader:shards pattern=./data/datasets/fineweb10B_sp1024/fineweb_val_*.bin tokens:62021632
model_params:17059912
world_size:2 grad_accum_steps:4
sdp_backends:cudnn=False flash=True mem_efficient=False math=False
attention_mode:gqa num_heads:8 num_kv_heads:4
tie_embeddings:True embed_lr:0.05 head_lr:0.0 matrix_lr:0.04 scalar_lr:0.04
train_batch_tokens:524288 train_seq_len:1024 iterations:1000 warmup_steps:20 max_wallclock_seconds:600.000
seed:1337
warmup_step:1/20
warmup_step:2/20
warmup_step:3/20
warmup_step:4/20
warmup_step:5/20
warmup_step:6/20
warmup_step:7/20
warmup_step:8/20
warmup_step:9/20
warmup_step:10/20
warmup_step:11/20
warmup_step:12/20
warmup_step:13/20
warmup_step:14/20
warmup_step:15/20
warmup_step:16/20
warmup_step:17/20
warmup_step:18/20
warmup_step:19/20
warmup_step:20/20
step:0/1000 val_loss:6.9357 val_bpb:4.1077 train_time:0ms step_avg:0.01ms
step:1/1000 train_loss:6.9351 train_time:305ms step_avg:304.79ms
step:2/1000 train_loss:16.6374 train_time:614ms step_avg:307.23ms
step:3/1000 train_loss:8.4682 train_time:926ms step_avg:308.59ms
step:4/1000 train_loss:6.6558 train_time:1237ms step_avg:309.28ms
step:5/1000 train_loss:6.7967 train_time:1548ms step_avg:309.63ms
step:6/1000 train_loss:6.9074 train_time:1859ms step_avg:309.88ms
step:7/1000 train_loss:6.3669 train_time:2171ms step_avg:310.09ms
step:8/1000 train_loss:6.1713 train_time:2482ms step_avg:310.23ms
step:9/1000 train_loss:6.0772 train_time:2793ms step_avg:310.36ms
step:10/1000 train_loss:5.9812 train_time:3104ms step_avg:310.44ms
step:200/1000 train_loss:2.8149 train_time:62438ms step_avg:312.19ms
step:400/1000 train_loss:2.3823 train_time:124994ms step_avg:312.49ms
step:600/1000 train_loss:2.5402 train_time:187650ms step_avg:312.75ms
step:800/1000 train_loss:2.3237 train_time:250388ms step_avg:312.99ms
step:1000/1000 train_loss:2.3469 train_time:313143ms step_avg:313.14ms
step:1000/1000 val_loss:2.3389 val_bpb:1.3852 train_time:313149ms step_avg:313.15ms
peak memory allocated: 10224 MiB reserved: 10496 MiB
Serialized model: /root/parameter-golf-baseline/outputs/runs/run_20260401_150525/final_model.pt bytes:67224983
Code size: 52572 bytes
Total submission size: 67277555 bytes
Serialized model int8+zlib: /root/parameter-golf-baseline/outputs/runs/run_20260401_150525/final_model.int8.ptz bytes:14875863 (payload:17178912 raw_torch:17224025 payload_ratio:3.91x)
Total submission size int8+zlib: 14928435 bytes
final_int8_zlib_roundtrip val_loss:2.3404 val_bpb:1.3861 eval_time:10602ms
final_int8_zlib_roundtrip_exact val_loss:2.34037926 val_bpb:1.38610443

Run complete.  Generate dashboard:
  python3 tools/dashboard.py
