logs/gns_localattn_15m_20260409_201124.txt
val_bpb:enabled tokenizer_kind=sentencepiece tokenizer_path=./data/tokenizers/fineweb_1024_bpe.model
train_loader:dataset:fineweb10B_sp1024 train_shards:80
val_loader:shards pattern=./data/datasets/fineweb10B_sp1024/fineweb_val_*.bin tokens:62021632
model_params:26993756
mtp_num_heads:0 mtp_loss_weight:0.2 mtp_params:0
XSA:last_11 active_layers:[0, 1, 2, 3, 4, 5, 6, 7, 8, 9, 10]
world_size:1 grad_accum_steps:8
sdp_backends:cudnn=False flash=True mem_efficient=False math=False
attention_mode:gqa num_heads:8 num_kv_heads:4
tie_embeddings:True embed_lr:0.035 head_lr:0.0 matrix_lr:0.025 scalar_lr:0.025
train_batch_tokens:786432 train_seq_len:2048 iterations:20000 warmup_steps:20 max_wallclock_seconds:900.000
seed:1337
warmup_step:1/20
warmup_step:2/20
warmup_step:3/20
warmup_step:4/20
warmup_step:5/20
warmup_step:6/20
warmup_step:7/20
warmup_step:8/20
warmup_step:9/20
warmup_step:10/20
warmup_step:11/20
warmup_step:12/20
warmup_step:13/20
warmup_step:14/20
warmup_step:15/20
warmup_step:16/20
warmup_step:17/20
warmup_step:18/20
warmup_step:19/20
warmup_step:20/20
step:0/20000 val_loss:6.9309 val_bpb:4.1049 train_time:0ms step_avg:0.01ms
step:1/20000 train_loss:6.9313 train_time:646ms step_avg:645.54ms
step:2/20000 train_loss:8.6500 train_time:1225ms step_avg:612.42ms
step:3/20000 train_loss:7.9914 train_time:1851ms step_avg:616.93ms
step:4/20000 train_loss:7.2259 train_time:2473ms step_avg:618.18ms
step:5/20000 train_loss:6.6301 train_time:3097ms step_avg:619.44ms
step:6/20000 train_loss:6.3186 train_time:3724ms step_avg:620.62ms
step:7/20000 train_loss:6.1070 train_time:4349ms step_avg:621.35ms
step:8/20000 train_loss:6.0271 train_time:4973ms step_avg:621.61ms
step:9/20000 train_loss:6.0379 train_time:5596ms step_avg:621.78ms
step:10/20000 train_loss:5.9473 train_time:6221ms step_avg:622.13ms
step:200/20000 val_loss:2.7568 val_bpb:1.6328 train_time:125358ms step_avg:626.79ms
step:400/20000 val_loss:2.4512 val_bpb:1.4517 train_time:251000ms step_avg:627.50ms
step:500/20000 train_loss:2.3461 train_time:313722ms step_avg:627.44ms
step:600/20000 val_loss:2.3225 val_bpb:1.3755 train_time:376465ms step_avg:627.44ms
swa:start step:750
step:800/20000 val_loss:2.2486 val_bpb:1.3318 train_time:502132ms step_avg:627.66ms
late_qat:enabled step:909 scale:0.1499
step:1000/20000 train_loss:2.2531 train_time:627779ms step_avg:627.78ms
step:1000/20000 val_loss:2.2013 val_bpb:1.3037 train_time:627874ms step_avg:627.87ms
step:1200/20000 val_loss:2.1647 val_bpb:1.2821 train_time:753337ms step_avg:627.78ms
step:1400/20000 val_loss:2.1363 val_bpb:1.2653 train_time:878779ms step_avg:627.70ms
step:1434/20000 val_loss:2.1346 val_bpb:1.2642 train_time:900144ms step_avg:627.72ms
stopping_early: wallclock_cap train_time:900144ms step:1434/20000
peak memory allocated: 23195 MiB reserved: 23484 MiB
ema:applying EMA weights
DIAGNOSTIC post_ema val_loss:2.1671 val_bpb:1.2835 eval_time:15544ms
Serialized model: 106158518 bytes
Code size: 103483 bytes
gptq:building non-banked model for Hessian collection...
gptq:generating autoregressive calibration data (64 seqs x 2048 tokens, temp=0.8)...
gptq:generated 64 sequences in 182.3s
gptq:collecting hessians from autoregressive data...
gptq:collected hessians for 68 layers (AR self-gen)
selective_prune: 11345344 ±1 candidates, unpruned=8.99MB target=15.9MB
selective_prune: already fits, no pruning needed
Serialized model int6+lzma: 9323532 bytes
Total submission size int6+lzma: 9427015 bytes
final_int6_roundtrip val_loss:2.3095 val_bpb:1.3678 eval_time:18884ms
final_int6_roundtrip_exact val_loss:2.30948179 val_bpb:1.36780521
