/root/parameter-golf-baseline/outputs/runs/run_20260401_151829/run_20260401_151829.txt
run_dir:/root/parameter-golf-baseline/outputs/runs/run_20260401_151829
metrics_logfile:/root/parameter-golf-baseline/outputs/runs/run_20260401_151829/run_20260401_151829.jsonl
val_bpb:enabled tokenizer_kind=sentencepiece tokenizer_path=./data/tokenizers/fineweb_1024_bpe.model
train_loader:dataset:fineweb10B_sp1024 train_shards:80
val_loader:shards pattern=./data/datasets/fineweb10B_sp1024/fineweb_val_*.bin tokens:62021632
model_params:17059912
world_size:2 grad_accum_steps:4
sdp_backends:cudnn=False flash=True mem_efficient=False math=False
attention_mode:gqa num_heads:8 num_kv_heads:4
tie_embeddings:True embed_lr:0.05 head_lr:0.0 matrix_lr:0.04 scalar_lr:0.04
train_batch_tokens:524288 train_seq_len:1024 iterations:1000 warmup_steps:20 max_wallclock_seconds:600.000
seed:1337
warmup_step:1/20
warmup_step:2/20
warmup_step:3/20
warmup_step:4/20
warmup_step:5/20
warmup_step:6/20
warmup_step:7/20
warmup_step:8/20
warmup_step:9/20
warmup_step:10/20
warmup_step:11/20
warmup_step:12/20
warmup_step:13/20
warmup_step:14/20
warmup_step:15/20
warmup_step:16/20
warmup_step:17/20
warmup_step:18/20
warmup_step:19/20
warmup_step:20/20
step:0/1000 val_loss:6.9357 val_bpb:4.1077 train_time:0ms step_avg:0.01ms
step:1/1000 train_loss:6.9351 train_time:306ms step_avg:305.59ms
step:2/1000 train_loss:16.6374 train_time:616ms step_avg:308.10ms
step:3/1000 train_loss:8.4681 train_time:929ms step_avg:309.53ms
step:4/1000 train_loss:6.6559 train_time:1240ms step_avg:310.11ms
step:5/1000 train_loss:6.7966 train_time:1552ms step_avg:310.48ms
step:6/1000 train_loss:6.9075 train_time:1865ms step_avg:310.76ms
step:7/1000 train_loss:6.3668 train_time:2177ms step_avg:310.95ms
step:8/1000 train_loss:6.1714 train_time:2489ms step_avg:311.11ms
step:9/1000 train_loss:6.0771 train_time:2801ms step_avg:311.23ms
step:10/1000 train_loss:5.9811 train_time:3113ms step_avg:311.31ms
step:200/1000 train_loss:2.8152 train_time:62536ms step_avg:312.68ms
step:400/1000 train_loss:2.3895 train_time:125208ms step_avg:313.02ms
step:600/1000 train_loss:2.5389 train_time:187986ms step_avg:313.31ms
step:800/1000 train_loss:2.3217 train_time:250762ms step_avg:313.45ms
step:1000/1000 train_loss:2.3477 train_time:313556ms step_avg:313.56ms
step:1000/1000 val_loss:2.3399 val_bpb:1.3858 train_time:313562ms step_avg:313.56ms
peak memory allocated: 10224 MiB reserved: 10496 MiB
Serialized model: /root/parameter-golf-baseline/outputs/runs/run_20260401_151829/final_model.pt bytes:67224983
Code size: 52880 bytes
Total submission size: 67277863 bytes
Serialized model int8+zlib: /root/parameter-golf-baseline/outputs/runs/run_20260401_151829/final_model.int8.ptz bytes:14874166 (payload:17178912 raw_torch:17224025 payload_ratio:3.91x)
Total submission size int8+zlib: 14927046 bytes
final_int8_zlib_roundtrip val_loss:2.3413 val_bpb:1.3866 eval_time:10627ms
final_int8_zlib_roundtrip_exact val_loss:2.34125006 val_bpb:1.38662016

Run complete.  Generate dashboard:
  python3 tools/dashboard.py
