logs/gns_patched_15m_20260409_211421.txt
val_bpb:enabled tokenizer_kind=sentencepiece tokenizer_path=./data/tokenizers/fineweb_1024_bpe.model
train_loader:dataset:fineweb10B_sp1024 train_shards:80
val_loader:shards pattern=./data/datasets/fineweb10B_sp1024/fineweb_val_*.bin tokens:62021632
model_params:26993756
mtp_num_heads:0 mtp_loss_weight:0.2 mtp_params:0
XSA:last_11 active_layers:[0, 1, 2, 3, 4, 5, 6, 7, 8, 9, 10]
world_size:1 grad_accum_steps:8
sdp_backends:cudnn=False flash=True mem_efficient=False math=False
attention_mode:gqa num_heads:8 num_kv_heads:4
tie_embeddings:True embed_lr:0.035 head_lr:0.0 matrix_lr:0.025 scalar_lr:0.025
train_batch_tokens:786432 train_seq_len:2048 iterations:20000 warmup_steps:20 max_wallclock_seconds:900.000
seed:1337
warmup_step:1/20
warmup_step:2/20
warmup_step:3/20
warmup_step:4/20
warmup_step:5/20
warmup_step:6/20
warmup_step:7/20
warmup_step:8/20
warmup_step:9/20
warmup_step:10/20
warmup_step:11/20
warmup_step:12/20
warmup_step:13/20
warmup_step:14/20
warmup_step:15/20
warmup_step:16/20
warmup_step:17/20
warmup_step:18/20
warmup_step:19/20
warmup_step:20/20
step:0/20000 val_loss:6.9309 val_bpb:4.1049 train_time:0ms step_avg:0.01ms
step:1/20000 train_loss:6.9313 train_time:904ms step_avg:903.94ms
step:2/20000 train_loss:8.6500 train_time:1718ms step_avg:858.97ms
step:3/20000 train_loss:8.1513 train_time:2598ms step_avg:866.09ms
step:4/20000 train_loss:7.4709 train_time:3474ms step_avg:868.52ms
step:5/20000 train_loss:6.8662 train_time:4352ms step_avg:870.32ms
step:6/20000 train_loss:6.4920 train_time:5227ms step_avg:871.21ms
step:7/20000 train_loss:6.1970 train_time:6105ms step_avg:872.08ms
step:8/20000 train_loss:6.0112 train_time:6980ms step_avg:872.47ms
step:9/20000 train_loss:5.9282 train_time:7857ms step_avg:872.96ms
step:10/20000 train_loss:5.8609 train_time:8731ms step_avg:873.10ms
