logs/gns_patched_v2_15m_20260409_211728.txt
val_bpb:enabled tokenizer_kind=sentencepiece tokenizer_path=./data/tokenizers/fineweb_1024_bpe.model
train_loader:dataset:fineweb10B_sp1024 train_shards:80
val_loader:shards pattern=./data/datasets/fineweb10B_sp1024/fineweb_val_*.bin tokens:62021632
model_params:26993756
mtp_num_heads:0 mtp_loss_weight:0.2 mtp_params:0
XSA:last_11 active_layers:[0, 1, 2, 3, 4, 5, 6, 7, 8, 9, 10]
world_size:1 grad_accum_steps:8
sdp_backends:cudnn=False flash=True mem_efficient=False math=False
attention_mode:gqa num_heads:8 num_kv_heads:4
tie_embeddings:True embed_lr:0.035 head_lr:0.0 matrix_lr:0.025 scalar_lr:0.025
train_batch_tokens:786432 train_seq_len:2048 iterations:20000 warmup_steps:20 max_wallclock_seconds:900.000
seed:1337
warmup_step:1/20
warmup_step:2/20
warmup_step:3/20
warmup_step:4/20
warmup_step:5/20
warmup_step:6/20
warmup_step:7/20
warmup_step:8/20
warmup_step:9/20
warmup_step:10/20
warmup_step:11/20
warmup_step:12/20
warmup_step:13/20
warmup_step:14/20
warmup_step:15/20
warmup_step:16/20
warmup_step:17/20
warmup_step:18/20
warmup_step:19/20
warmup_step:20/20
step:0/20000 val_loss:6.9309 val_bpb:4.1049 train_time:0ms step_avg:0.01ms
step:1/20000 train_loss:6.9313 train_time:639ms step_avg:639.19ms
step:2/20000 train_loss:8.6500 train_time:1212ms step_avg:605.78ms
step:3/20000 train_loss:7.9865 train_time:1837ms step_avg:612.48ms
step:4/20000 train_loss:7.2184 train_time:2460ms step_avg:615.02ms
step:5/20000 train_loss:6.6249 train_time:3087ms step_avg:617.30ms
step:6/20000 train_loss:6.3159 train_time:3711ms step_avg:618.48ms
step:7/20000 train_loss:6.1078 train_time:4335ms step_avg:619.26ms
step:8/20000 train_loss:6.0264 train_time:4960ms step_avg:620.00ms
step:9/20000 train_loss:6.0374 train_time:5584ms step_avg:620.41ms
step:10/20000 train_loss:5.9493 train_time:6207ms step_avg:620.74ms
step:200/20000 val_loss:2.7621 val_bpb:1.6359 train_time:125346ms step_avg:626.73ms
step:400/20000 val_loss:2.4513 val_bpb:1.4518 train_time:250923ms step_avg:627.31ms
step:500/20000 train_loss:2.3484 train_time:313737ms step_avg:627.47ms
step:600/20000 val_loss:2.3220 val_bpb:1.3752 train_time:376602ms step_avg:627.67ms
swa:start step:750
step:800/20000 val_loss:2.2488 val_bpb:1.3318 train_time:502341ms step_avg:627.93ms
late_qat:enabled step:909 scale:0.1498
step:1000/20000 train_loss:2.2538 train_time:627820ms step_avg:627.82ms
step:1000/20000 val_loss:2.2012 val_bpb:1.3037 train_time:627915ms step_avg:627.92ms
step:1200/20000 val_loss:2.1647 val_bpb:1.2821 train_time:753558ms step_avg:627.96ms
step:1400/20000 val_loss:2.1362 val_bpb:1.2652 train_time:879294ms step_avg:628.07ms
step:1434/20000 val_loss:2.1346 val_bpb:1.2642 train_time:900647ms step_avg:628.07ms
stopping_early: wallclock_cap train_time:900647ms step:1434/20000
peak memory allocated: 23195 MiB reserved: 23484 MiB
ema:applying EMA weights
DIAGNOSTIC post_ema val_loss:2.1671 val_bpb:1.2835 eval_time:15507ms
Serialized model: 106158518 bytes
Code size: 103604 bytes
gptq:building non-banked model for Hessian collection...
gptq:generating autoregressive calibration data (64 seqs x 2048 tokens, temp=0.8)...
gptq:generated 64 sequences in 182.8s
gptq:collecting hessians from autoregressive data...
gptq:collected hessians for 68 layers (AR self-gen)
selective_prune: 11344150 ±1 candidates, unpruned=8.99MB target=15.9MB
selective_prune: already fits, no pruning needed
Serialized model int6+lzma: 9322668 bytes
Total submission size int6+lzma: 9426272 bytes
final_int6_roundtrip val_loss:2.3065 val_bpb:1.3660 eval_time:18883ms
final_int6_roundtrip_exact val_loss:2.30651157 val_bpb:1.36604607
final_int6_sliding_window val_loss:2.2683 val_bpb:1.3434 stride:64 eval_time:568456ms
final_int6_sliding_window_exact val_loss:2.26828972 val_bpb:1.34341250
final_int8_zlib_roundtrip_exact val_loss:2.26828972 val_bpb:1.34341250

Run complete.  Generate dashboard:
  python3 tools/dashboard.py
